Using pre-set license
Built from '6000.1/staging' branch; Version is '6000.1.10f1 (3c681a6c22ff) revision 3958810'; Using compiler version '194234433'; Build Type 'Release'
OS: 'Windows 11  (10.0.26100) 64bit Enterprise' Language: 'es' Physical Memory: 32212 MB
BatchMode: 1, IsHumanControllingUs: 0, StartBugReporterOnCrash: 0, Is64bit: 1, IsPro: 1
Date: 2025-07-07T22:29:48Z

COMMAND LINE ARGUMENTS:
C:\Program Files\Unity\Hub\Editor\6000.1.10f1\Editor\Unity.exe
-adb2
-batchMode
-noUpm
-name
AssetImportWorker4
-projectPath
C:/Users/alemonao/Mistin
-logFile
Logs/AssetImportWorker4.log
-srvPort
62551
-job-worker-count
6
-background-job-worker-count
8
-gc-helper-count
1
-name
AssetImport
Successfully changed project path to: C:/Users/alemonao/Mistin
C:/Users/alemonao/Mistin
[UnityMemory] Configuration Parameters - Can be set up in boot.config
    "memorysetup-allocator-temp-initial-block-size-main=262144"
    "memorysetup-allocator-temp-initial-block-size-worker=262144"
    "memorysetup-bucket-allocator-granularity=16"
    "memorysetup-bucket-allocator-bucket-count=8"
    "memorysetup-bucket-allocator-block-size=33554432"
    "memorysetup-bucket-allocator-block-count=8"
    "memorysetup-main-allocator-block-size=16777216"
    "memorysetup-thread-allocator-block-size=16777216"
    "memorysetup-gfx-main-allocator-block-size=16777216"
    "memorysetup-gfx-thread-allocator-block-size=16777216"
    "memorysetup-cache-allocator-block-size=4194304"
    "memorysetup-typetree-allocator-block-size=2097152"
    "memorysetup-profiler-bucket-allocator-granularity=16"
    "memorysetup-profiler-bucket-allocator-bucket-count=8"
    "memorysetup-profiler-bucket-allocator-block-size=33554432"
    "memorysetup-profiler-bucket-allocator-block-count=8"
    "memorysetup-profiler-allocator-block-size=16777216"
    "memorysetup-profiler-editor-allocator-block-size=1048576"
    "memorysetup-temp-allocator-size-main=16777216"
    "memorysetup-job-temp-allocator-block-size=2097152"
    "memorysetup-job-temp-allocator-block-size-background=1048576"
    "memorysetup-job-temp-allocator-reduction-small-platforms=262144"
    "memorysetup-temp-allocator-size-background-worker=32768"
    "memorysetup-temp-allocator-size-job-worker=262144"
    "memorysetup-temp-allocator-size-preload-manager=33554432"
    "memorysetup-temp-allocator-size-nav-mesh-worker=65536"
    "memorysetup-temp-allocator-size-audio-worker=65536"
    "memorysetup-temp-allocator-size-cloud-worker=32768"
    "memorysetup-temp-allocator-size-gi-baking-worker=262144"
    "memorysetup-temp-allocator-size-gi-baking-worker=262144"
    "memorysetup-temp-allocator-size-gi-baking-worker=262144"
    "memorysetup-temp-allocator-size-gi-baking-worker=262144"
    "memorysetup-temp-allocator-size-gi-baking-worker=262144"
    "memorysetup-temp-allocator-size-gfx=262144"
Player connection [51872]  Target information:

Player connection [51872]  * "[IP] 10.150.19.230 [Port] 0 [Flags] 2 [Guid] 2685960880 [EditorId] 2685960880 [Version] 1048832 [Id] WindowsEditor(7,NTTD-DW5XY44) [Debug] 1 [PackageName] WindowsEditor [ProjectName] Editor" 

Player connection [51872]  * "[IP] 192.168.1.116 [Port] 0 [Flags] 2 [Guid] 2685960880 [EditorId] 2685960880 [Version] 1048832 [Id] WindowsEditor(7,NTTD-DW5XY44) [Debug] 1 [PackageName] WindowsEditor [ProjectName] Editor" 

Player connection [51872] Host joined multi-casting on [225.0.0.222:54997]...
Player connection [51872] Host joined alternative multi-casting on [225.0.0.222:34997]...
JobSystem: Creating JobQueue using job-worker-count value 6
Input System module state changed to: Initialized.
[Physics::Module] Initialized fallback backend.
[Physics::Module] Id: 0xdecafbad
Library Redirect Path: Library/
[Physics::Module] Selected backend.
[Physics::Module] Name: PhysX
[Physics::Module] Id: 0xf2b8ea05
[Physics::Module] SDK Version: 4.1.2
[Physics::Module] Integration Version: 1.0.0
[Physics::Module] Threading Mode: Multi-Threaded
Refreshing native plugins compatible for Editor in 10.99 ms, found 4 plugins.
Preloading 0 native plugins for Editor in 0.00 ms.
Initialize engine version: 6000.1.10f1 (3c681a6c22ff)
[Subsystems] Discovering subsystems at path C:/Program Files/Unity/Hub/Editor/6000.1.10f1/Editor/Data/Resources/UnitySubsystems
[Subsystems] Discovering subsystems at path C:/Users/alemonao/Mistin/Assets
GfxDevice: creating device client; kGfxThreadingModeNonThreaded
Direct3D:
    Version:         Direct3D 12 [level 12.1]
    Renderer:        Intel(R) Graphics (ID=0x7d45)
    Vendor:          Intel
    VRAM:            16106 MB
    App VRAM Budget: 15338 MB
    Driver:          31.0.101.5382
    Unified Memory Architecture
Initialize mono
Mono path[0] = 'C:/Program Files/Unity/Hub/Editor/6000.1.10f1/Editor/Data/Managed'
Mono path[1] = 'C:/Program Files/Unity/Hub/Editor/6000.1.10f1/Editor/Data/MonoBleedingEdge/lib/mono/unityjit-win32'
Mono config path = 'C:/Program Files/Unity/Hub/Editor/6000.1.10f1/Editor/Data/MonoBleedingEdge/etc'
Using monoOptions --debugger-agent=transport=dt_socket,embedding=1,server=y,suspend=n,address=127.0.0.1:56372
Begin MonoManager ReloadAssembly
Registering precompiled unity dll's ...
Register platform support module: C:/Program Files/Unity/Hub/Editor/6000.1.10f1/Editor/Data/PlaybackEngines/WindowsStandaloneSupport/UnityEditor.WindowsStandalone.Extensions.dll
Registered in 0.003512 seconds.
- Loaded All Assemblies, in  0.520 seconds
Native extension for WindowsStandalone target not found
Mono: successfully reloaded assembly
- Finished resetting the current domain, in  0.434 seconds
Domain Reload Profiling: 948ms
	BeginReloadAssembly (170ms)
		ExecutionOrderSort (0ms)
		DisableScriptedObjects (0ms)
		BackupInstance (0ms)
		ReleaseScriptingObjects (0ms)
		CreateAndSetChildDomain (1ms)
	RebuildCommonClasses (45ms)
	RebuildNativeTypeToScriptingClass (11ms)
	initialDomainReloadingComplete (76ms)
	LoadAllAssembliesAndSetupDomain (212ms)
		LoadAssemblies (167ms)
		RebuildTransferFunctionScriptingTraits (0ms)
		AnalyzeDomain (207ms)
			TypeCache.Refresh (205ms)
				TypeCache.ScanAssembly (189ms)
			BuildScriptInfoCaches (0ms)
			ResolveRequiredComponents (1ms)
	FinalizeReload (435ms)
		ReleaseScriptCaches (0ms)
		RebuildScriptCaches (0ms)
		SetupLoadedEditorAssemblies (389ms)
			LogAssemblyErrors (0ms)
			InitializePlatformSupportModulesInManaged (66ms)
			SetLoadedEditorAssemblies (6ms)
			BeforeProcessingInitializeOnLoad (82ms)
			ProcessInitializeOnLoadAttributes (175ms)
			ProcessInitializeOnLoadMethodAttributes (60ms)
			AfterProcessingInitializeOnLoad (0ms)
			EditorAssembliesLoaded (0ms)
		ExecutionOrderSort2 (0ms)
		AwakeInstancesAfterBackupRestoration (0ms)
========================================================================
Worker process is ready to serve import requests
Import Worker Mode flag is 0x00
Begin MonoManager ReloadAssembly
- Loaded All Assemblies, in  0.718 seconds
Refreshing native plugins compatible for Editor in 3.96 ms, found 4 plugins.
Native extension for WindowsStandalone target not found
Mono: successfully reloaded assembly
- Finished resetting the current domain, in  0.674 seconds
Domain Reload Profiling: 1386ms
	BeginReloadAssembly (152ms)
		ExecutionOrderSort (0ms)
		DisableScriptedObjects (5ms)
		BackupInstance (0ms)
		ReleaseScriptingObjects (0ms)
		CreateAndSetChildDomain (24ms)
	RebuildCommonClasses (30ms)
	RebuildNativeTypeToScriptingClass (9ms)
	initialDomainReloadingComplete (36ms)
	LoadAllAssembliesAndSetupDomain (486ms)
		LoadAssemblies (356ms)
		RebuildTransferFunctionScriptingTraits (0ms)
		AnalyzeDomain (218ms)
			TypeCache.Refresh (164ms)
				TypeCache.ScanAssembly (149ms)
			BuildScriptInfoCaches (42ms)
			ResolveRequiredComponents (9ms)
	FinalizeReload (674ms)
		ReleaseScriptCaches (0ms)
		RebuildScriptCaches (0ms)
		SetupLoadedEditorAssemblies (543ms)
			LogAssemblyErrors (0ms)
			InitializePlatformSupportModulesInManaged (2ms)
			SetLoadedEditorAssemblies (5ms)
			BeforeProcessingInitializeOnLoad (109ms)
			ProcessInitializeOnLoadAttributes (316ms)
			ProcessInitializeOnLoadMethodAttributes (104ms)
			AfterProcessingInitializeOnLoad (6ms)
			EditorAssembliesLoaded (0ms)
		ExecutionOrderSort2 (0ms)
		AwakeInstancesAfterBackupRestoration (9ms)
Launched and connected shader compiler UnityShaderCompiler.exe after 0.03 seconds
Refreshing native plugins compatible for Editor in 3.73 ms, found 4 plugins.
Preloading 0 native plugins for Editor in 0.00 ms.
Unloading 231 Unused Serialized files (Serialized files now loaded: 0)
Unloading 6619 unused Assets / (5.2 MB). Loaded Objects now: 7311.
Memory consumption went from 177.8 MB to 172.6 MB.
Total: 8.678600 ms (FindLiveObjects: 0.535500 ms CreateObjectMapping: 0.337000 ms MarkObjects: 4.908000 ms  DeleteObjects: 2.894900 ms)

========================================================================
Received Import Request.
  Time since last request: 436286.252761 seconds.
  path: Assets/tiles/tilemap_packed_48.asset
  artifactKey: Guid(4f47b39b5a88a674d9fb7a92a1ca0a45) Importer(815301076,1909f56bfc062723c751e8b465ee728b)
Start importing Assets/tiles/tilemap_packed_48.asset using Guid(4f47b39b5a88a674d9fb7a92a1ca0a45) Importer(815301076,1909f56bfc062723c751e8b465ee728b) (PreviewImporter) -> (artifact id: '59b0048bc19d7456c65d367af43b1ade') in 0.1364491 seconds
Number of updated asset objects reloaded before import = 0Number of asset objects unloaded after import = 3

========================================================================
Received Import Request.
  Time since last request: 0.000041 seconds.
  path: Assets/TextMesh Pro/Resources/TMP Settings.asset
  artifactKey: Guid(3f5b5dff67a942289a9defa416b206f3) Importer(815301076,1909f56bfc062723c751e8b465ee728b)
Start importing Assets/TextMesh Pro/Resources/TMP Settings.asset using Guid(3f5b5dff67a942289a9defa416b206f3) Importer(815301076,1909f56bfc062723c751e8b465ee728b) (PreviewImporter) -> (artifact id: 'd00e8c7c00f55fa246472f2f8b793855') in 0.0466752 seconds
Number of updated asset objects reloaded before import = 0Number of asset objects unloaded after import = 15

========================================================================
Received Import Request.
  Time since last request: 0.000050 seconds.
  path: Assets/tiles/tilemap_packed_52.asset
  artifactKey: Guid(12524c16cc2b4284694af4711545313f) Importer(815301076,1909f56bfc062723c751e8b465ee728b)
Start importing Assets/tiles/tilemap_packed_52.asset using Guid(12524c16cc2b4284694af4711545313f) Importer(815301076,1909f56bfc062723c751e8b465ee728b) (PreviewImporter) -> (artifact id: '4ffa3b2b8d599fb88817ad9d521b0f1b') in 0.0103181 seconds
Number of updated asset objects reloaded before import = 0Number of asset objects unloaded after import = 3

========================================================================
Received Import Request.
  Time since last request: 0.000031 seconds.
  path: Assets/tiles/tilemap_packed_54.asset
  artifactKey: Guid(84c8feb29da8b3b42a98200963f7e637) Importer(815301076,1909f56bfc062723c751e8b465ee728b)
Start importing Assets/tiles/tilemap_packed_54.asset using Guid(84c8feb29da8b3b42a98200963f7e637) Importer(815301076,1909f56bfc062723c751e8b465ee728b) (PreviewImporter) -> (artifact id: '9070ce0581b18ed92532a2e7b300f7cb') in 0.0110677 seconds
Number of updated asset objects reloaded before import = 0Number of asset objects unloaded after import = 3

========================================================================
Received Import Request.
  Time since last request: 0.000023 seconds.
  path: Assets/tiles/tilemap_packed_58.asset
  artifactKey: Guid(95671090ce1e122468900ec71723fbb8) Importer(815301076,1909f56bfc062723c751e8b465ee728b)
Start importing Assets/tiles/tilemap_packed_58.asset using Guid(95671090ce1e122468900ec71723fbb8) Importer(815301076,1909f56bfc062723c751e8b465ee728b) (PreviewImporter) -> (artifact id: 'd949867aeb769857e3f223b2833545f9') in 0.0105468 seconds
Number of updated asset objects reloaded before import = 0Number of asset objects unloaded after import = 3

========================================================================
Received Import Request.
  Time since last request: 0.000024 seconds.
  path: Assets/tiles/tilemap_packed_56.asset
  artifactKey: Guid(958ec76cd8a75f04b836e3cdf65e5412) Importer(815301076,1909f56bfc062723c751e8b465ee728b)
Start importing Assets/tiles/tilemap_packed_56.asset using Guid(958ec76cd8a75f04b836e3cdf65e5412) Importer(815301076,1909f56bfc062723c751e8b465ee728b) (PreviewImporter) -> (artifact id: '590307c75f841f64936285e51de0fc45') in 0.0092481 seconds
Number of updated asset objects reloaded before import = 0Number of asset objects unloaded after import = 3

========================================================================
Received Import Request.
  Time since last request: 0.000031 seconds.
  path: Assets/tiles/tilemap_packed_51.asset
  artifactKey: Guid(8c84ea7589a7a2147bb927cda28ad977) Importer(815301076,1909f56bfc062723c751e8b465ee728b)
Start importing Assets/tiles/tilemap_packed_51.asset using Guid(8c84ea7589a7a2147bb927cda28ad977) Importer(815301076,1909f56bfc062723c751e8b465ee728b) (PreviewImporter) -> (artifact id: 'bbc3351c17f51681dc0be33e990ee91b') in 0.0096786 seconds
Number of updated asset objects reloaded before import = 0Number of asset objects unloaded after import = 3

========================================================================
Received Import Request.
  Time since last request: 0.000019 seconds.
  path: Assets/TextMesh Pro/Shaders/TMPro_Properties.cginc
  artifactKey: Guid(3997e2241185407d80309a82f9148466) Importer(815301076,1909f56bfc062723c751e8b465ee728b)
Start importing Assets/TextMesh Pro/Shaders/TMPro_Properties.cginc using Guid(3997e2241185407d80309a82f9148466) Importer(815301076,1909f56bfc062723c751e8b465ee728b) (PreviewImporter) -> (artifact id: '309d3be3d3720656600254e13ee04895') in 0.0024117 seconds
Number of updated asset objects reloaded before import = 0Number of asset objects unloaded after import = 1

========================================================================
Received Import Request.
  Time since last request: 2.531997 seconds.
  path: Assets/tiles/tilemap_packed_36.asset
  artifactKey: Guid(2fd7830fc9bc5584daaa95628fd2ba4d) Importer(815301076,1909f56bfc062723c751e8b465ee728b)
Start importing Assets/tiles/tilemap_packed_36.asset using Guid(2fd7830fc9bc5584daaa95628fd2ba4d) Importer(815301076,1909f56bfc062723c751e8b465ee728b) (PreviewImporter) -> (artifact id: '2b67fe32dca95dda440915802c936066') in 0.0093687 seconds
Number of updated asset objects reloaded before import = 0Number of asset objects unloaded after import = 3

========================================================================
Received Import Request.
  Time since last request: 0.000025 seconds.
  path: Assets/tiles/tilemap_packed_38.asset
  artifactKey: Guid(c5efd0637e73fe341bbca605fba72651) Importer(815301076,1909f56bfc062723c751e8b465ee728b)
Start importing Assets/tiles/tilemap_packed_38.asset using Guid(c5efd0637e73fe341bbca605fba72651) Importer(815301076,1909f56bfc062723c751e8b465ee728b) (PreviewImporter) -> (artifact id: '61fd7a497d82816da11ac49adf40c568') in 0.0107129 seconds
Number of updated asset objects reloaded before import = 0Number of asset objects unloaded after import = 3

========================================================================
Received Import Request.
  Time since last request: 0.000030 seconds.
  path: Assets/tiles/tilemap_packed_29.asset
  artifactKey: Guid(ff426c6ac155596408bd71ed7de28d14) Importer(815301076,1909f56bfc062723c751e8b465ee728b)
Start importing Assets/tiles/tilemap_packed_29.asset using Guid(ff426c6ac155596408bd71ed7de28d14) Importer(815301076,1909f56bfc062723c751e8b465ee728b) (PreviewImporter) -> (artifact id: 'a3ec1bd20e5c657c76afd6b43e0626f4') in 0.010932 seconds
Number of updated asset objects reloaded before import = 0Number of asset objects unloaded after import = 3

========================================================================
Received Import Request.
  Time since last request: 0.000031 seconds.
  path: Assets/tiles/tilemap_packed_6.asset
  artifactKey: Guid(8cda4bb5033f8eb41a6924e6d26de6c4) Importer(815301076,1909f56bfc062723c751e8b465ee728b)
Start importing Assets/tiles/tilemap_packed_6.asset using Guid(8cda4bb5033f8eb41a6924e6d26de6c4) Importer(815301076,1909f56bfc062723c751e8b465ee728b) (PreviewImporter) -> (artifact id: '3034b3edb395e7c7824f1c143a0d2a7b') in 0.0113077 seconds
Number of updated asset objects reloaded before import = 0Number of asset objects unloaded after import = 3

========================================================================
Received Import Request.
  Time since last request: 0.000019 seconds.
  path: Assets/tiles/tilemap_packed_5.asset
  artifactKey: Guid(97657a3b1c07292478b37fe0f4247866) Importer(815301076,1909f56bfc062723c751e8b465ee728b)
Start importing Assets/tiles/tilemap_packed_5.asset using Guid(97657a3b1c07292478b37fe0f4247866) Importer(815301076,1909f56bfc062723c751e8b465ee728b) (PreviewImporter) -> (artifact id: '85f8b6c2c0a88b9cc89a8e8f25467c91') in 0.0122401 seconds
Number of updated asset objects reloaded before import = 0Number of asset objects unloaded after import = 3

========================================================================
Received Import Request.
  Time since last request: 0.000029 seconds.
  path: Assets/tiles/tilemap_packed_30.asset
  artifactKey: Guid(526e496d44aed224dbd8e7e958a70324) Importer(815301076,1909f56bfc062723c751e8b465ee728b)
Start importing Assets/tiles/tilemap_packed_30.asset using Guid(526e496d44aed224dbd8e7e958a70324) Importer(815301076,1909f56bfc062723c751e8b465ee728b) (PreviewImporter) -> (artifact id: '67fd3a28d7f7ec44eae67454f4648c32') in 0.0110794 seconds
Number of updated asset objects reloaded before import = 0Number of asset objects unloaded after import = 3

========================================================================
Received Import Request.
  Time since last request: 0.000037 seconds.
  path: Assets/tiles/tilemap_packed_35.asset
  artifactKey: Guid(d55966922cf74d64ca3250845dcbf7b0) Importer(815301076,1909f56bfc062723c751e8b465ee728b)
Start importing Assets/tiles/tilemap_packed_35.asset using Guid(d55966922cf74d64ca3250845dcbf7b0) Importer(815301076,1909f56bfc062723c751e8b465ee728b) (PreviewImporter) -> (artifact id: '58c92fb26d4175e7d0ae2462fb835adc') in 0.0174421 seconds
Number of updated asset objects reloaded before import = 0Number of asset objects unloaded after import = 3

========================================================================
Received Import Request.
  Time since last request: 0.000019 seconds.
  path: Assets/tiles/tilemap_packed 1_175.asset
  artifactKey: Guid(21f2c38891f43724ea588129a66d57e9) Importer(815301076,1909f56bfc062723c751e8b465ee728b)
Start importing Assets/tiles/tilemap_packed 1_175.asset using Guid(21f2c38891f43724ea588129a66d57e9) Importer(815301076,1909f56bfc062723c751e8b465ee728b) (PreviewImporter) -> (artifact id: '951a534f967291ad56b26ebe934c5776') in 0.0124705 seconds
Number of updated asset objects reloaded before import = 0Number of asset objects unloaded after import = 3

========================================================================
Received Import Request.
  Time since last request: 0.000018 seconds.
  path: Assets/tiles/tilemap_packed 1_148.asset
  artifactKey: Guid(2ca3aba9b414bad4eab88167c1c62c04) Importer(815301076,1909f56bfc062723c751e8b465ee728b)
Start importing Assets/tiles/tilemap_packed 1_148.asset using Guid(2ca3aba9b414bad4eab88167c1c62c04) Importer(815301076,1909f56bfc062723c751e8b465ee728b) (PreviewImporter) -> (artifact id: '851d9c7e666464a46ebd7ead35f1cda4') in 0.0164904 seconds
Number of updated asset objects reloaded before import = 0Number of asset objects unloaded after import = 3

========================================================================
Received Import Request.
  Time since last request: 0.000029 seconds.
  path: Assets/tiles/tilemap_packed 1_151.asset
  artifactKey: Guid(a9ecf65a40cf20342b430cf21e09ffff) Importer(815301076,1909f56bfc062723c751e8b465ee728b)
Start importing Assets/tiles/tilemap_packed 1_151.asset using Guid(a9ecf65a40cf20342b430cf21e09ffff) Importer(815301076,1909f56bfc062723c751e8b465ee728b) (PreviewImporter) -> (artifact id: '228ac7e50c4f7001b95f9871033d5ad7') in 0.0121235 seconds
Number of updated asset objects reloaded before import = 0Number of asset objects unloaded after import = 3

========================================================================
Received Import Request.
  Time since last request: 0.000037 seconds.
  path: Assets/tiles/tilemap_packed 1_124.asset
  artifactKey: Guid(ebe1cfc28d673924c8b55a4074767427) Importer(815301076,1909f56bfc062723c751e8b465ee728b)
Start importing Assets/tiles/tilemap_packed 1_124.asset using Guid(ebe1cfc28d673924c8b55a4074767427) Importer(815301076,1909f56bfc062723c751e8b465ee728b) (PreviewImporter) -> (artifact id: '65b4fbd4a85ed2d690e685916cad714d') in 0.0129438 seconds
Number of updated asset objects reloaded before import = 0Number of asset objects unloaded after import = 3

========================================================================
Received Import Request.
  Time since last request: 0.000028 seconds.
  path: Assets/tiles/tilemap_packed 1_146.asset
  artifactKey: Guid(f3abe949ff093de49ad41ee509125ebf) Importer(815301076,1909f56bfc062723c751e8b465ee728b)
Start importing Assets/tiles/tilemap_packed 1_146.asset using Guid(f3abe949ff093de49ad41ee509125ebf) Importer(815301076,1909f56bfc062723c751e8b465ee728b) (PreviewImporter) -> (artifact id: 'b54444be82e6db11cab6385ed3383d8b') in 0.011307 seconds
Number of updated asset objects reloaded before import = 0Number of asset objects unloaded after import = 3

========================================================================
Received Import Request.
  Time since last request: 0.000027 seconds.
  path: Assets/tiles/tilemap_packed 1_127.asset
  artifactKey: Guid(61c264c2cb97c2e4fa837894c005bf59) Importer(815301076,1909f56bfc062723c751e8b465ee728b)
Start importing Assets/tiles/tilemap_packed 1_127.asset using Guid(61c264c2cb97c2e4fa837894c005bf59) Importer(815301076,1909f56bfc062723c751e8b465ee728b) (PreviewImporter) -> (artifact id: '798ff5f9394e435a443a2bd65b563adc') in 0.0095961 seconds
Number of updated asset objects reloaded before import = 0Number of asset objects unloaded after import = 3

========================================================================
Received Import Request.
  Time since last request: 0.000021 seconds.
  path: Assets/tiles/tilemap_packed 1_113.asset
  artifactKey: Guid(ea936d47351bfac409eeb0fd540c1049) Importer(815301076,1909f56bfc062723c751e8b465ee728b)
Start importing Assets/tiles/tilemap_packed 1_113.asset using Guid(ea936d47351bfac409eeb0fd540c1049) Importer(815301076,1909f56bfc062723c751e8b465ee728b) (PreviewImporter) -> (artifact id: '4c16675fda9901f01fa6f54bf576895b') in 0.0125027 seconds
Number of updated asset objects reloaded before import = 0Number of asset objects unloaded after import = 3

========================================================================
Received Import Request.
  Time since last request: 0.000033 seconds.
  path: Assets/tiles/tilemap_packed 1_119.asset
  artifactKey: Guid(046028a170c5c924c9cd6ecdaeae5ad8) Importer(815301076,1909f56bfc062723c751e8b465ee728b)
Start importing Assets/tiles/tilemap_packed 1_119.asset using Guid(046028a170c5c924c9cd6ecdaeae5ad8) Importer(815301076,1909f56bfc062723c751e8b465ee728b) (PreviewImporter) -> (artifact id: 'b7b440e5731224cd3d2cca17eb6634ff') in 0.011687 seconds
Number of updated asset objects reloaded before import = 0Number of asset objects unloaded after import = 3

========================================================================
Received Import Request.
  Time since last request: 0.000027 seconds.
  path: Assets/tiles/tilemap_packed 1_112.asset
  artifactKey: Guid(8937506933497c54aa85ec89da750beb) Importer(815301076,1909f56bfc062723c751e8b465ee728b)
Start importing Assets/tiles/tilemap_packed 1_112.asset using Guid(8937506933497c54aa85ec89da750beb) Importer(815301076,1909f56bfc062723c751e8b465ee728b) (PreviewImporter) -> (artifact id: 'aebac6941ec9d8b410b3644bf2e87526') in 0.0130608 seconds
Number of updated asset objects reloaded before import = 0Number of asset objects unloaded after import = 3

========================================================================
Received Import Request.
  Time since last request: 0.000030 seconds.
  path: Assets/tiles/tilemap_packed_28.asset
  artifactKey: Guid(04c6946aec2dceb458f962625b1d5a3a) Importer(815301076,1909f56bfc062723c751e8b465ee728b)
Start importing Assets/tiles/tilemap_packed_28.asset using Guid(04c6946aec2dceb458f962625b1d5a3a) Importer(815301076,1909f56bfc062723c751e8b465ee728b) (PreviewImporter) -> (artifact id: 'c813ed90d85057414bc49f0d788c213e') in 0.0099953 seconds
Number of updated asset objects reloaded before import = 0Number of asset objects unloaded after import = 3

========================================================================
Received Import Request.
  Time since last request: 0.000032 seconds.
  path: Assets/tiles/tilemap_packed 1_161.asset
  artifactKey: Guid(7af179d42f16e7c4d915fdcef5103ba5) Importer(815301076,1909f56bfc062723c751e8b465ee728b)
Start importing Assets/tiles/tilemap_packed 1_161.asset using Guid(7af179d42f16e7c4d915fdcef5103ba5) Importer(815301076,1909f56bfc062723c751e8b465ee728b) (PreviewImporter) -> (artifact id: '2ca0ef52db5ea16e7e7c0fd2710f5c67') in 0.0112055 seconds
Number of updated asset objects reloaded before import = 0Number of asset objects unloaded after import = 3

========================================================================
Received Import Request.
  Time since last request: 0.000046 seconds.
  path: Assets/tiles/tilemap_packed_17.asset
  artifactKey: Guid(539e02911d116c245862f6d136f38547) Importer(815301076,1909f56bfc062723c751e8b465ee728b)
Start importing Assets/tiles/tilemap_packed_17.asset using Guid(539e02911d116c245862f6d136f38547) Importer(815301076,1909f56bfc062723c751e8b465ee728b) (PreviewImporter) -> (artifact id: '12641fbebc75217896c4cdf09bec8b9d') in 0.0091883 seconds
Number of updated asset objects reloaded before import = 0Number of asset objects unloaded after import = 3

========================================================================
Received Import Request.
  Time since last request: 0.000026 seconds.
  path: Assets/tiles/tilemap_packed 1_108.asset
  artifactKey: Guid(62658acad90917f468193c291923704d) Importer(815301076,1909f56bfc062723c751e8b465ee728b)
Start importing Assets/tiles/tilemap_packed 1_108.asset using Guid(62658acad90917f468193c291923704d) Importer(815301076,1909f56bfc062723c751e8b465ee728b) (PreviewImporter) -> (artifact id: '0af2382fcb09012ff93e4c5413a77e60') in 0.0113228 seconds
Number of updated asset objects reloaded before import = 0Number of asset objects unloaded after import = 3

========================================================================
Received Import Request.
  Time since last request: 0.000030 seconds.
  path: Assets/tiles/tilemap_packed 1_142.asset
  artifactKey: Guid(b4c17bdabb4e9374d89cb8c697964280) Importer(815301076,1909f56bfc062723c751e8b465ee728b)
Start importing Assets/tiles/tilemap_packed 1_142.asset using Guid(b4c17bdabb4e9374d89cb8c697964280) Importer(815301076,1909f56bfc062723c751e8b465ee728b) (PreviewImporter) -> (artifact id: '71e1652649e72a8c336f8c925909954c') in 0.0110885 seconds
Number of updated asset objects reloaded before import = 0Number of asset objects unloaded after import = 3

========================================================================
Received Import Request.
  Time since last request: 0.000023 seconds.
  path: Assets/tiles/tilemap_packed 1_168.asset
  artifactKey: Guid(23a1bb7a170894d449b9458c751359ea) Importer(815301076,1909f56bfc062723c751e8b465ee728b)
Start importing Assets/tiles/tilemap_packed 1_168.asset using Guid(23a1bb7a170894d449b9458c751359ea) Importer(815301076,1909f56bfc062723c751e8b465ee728b) (PreviewImporter) -> (artifact id: '8a23ef4cf67e75dee77118dd4098f193') in 0.0114596 seconds
Number of updated asset objects reloaded before import = 0Number of asset objects unloaded after import = 3

========================================================================
Received Import Request.
  Time since last request: 0.000048 seconds.
  path: Assets/tiles/tilemap_packed 1_107.asset
  artifactKey: Guid(4b55c2d3b29ee6d489f43e4cc5ba7cbb) Importer(815301076,1909f56bfc062723c751e8b465ee728b)
Start importing Assets/tiles/tilemap_packed 1_107.asset using Guid(4b55c2d3b29ee6d489f43e4cc5ba7cbb) Importer(815301076,1909f56bfc062723c751e8b465ee728b) (PreviewImporter) -> (artifact id: '903bcbd845e54b183afc36d608d68f01') in 0.0131502 seconds
Number of updated asset objects reloaded before import = 0Number of asset objects unloaded after import = 3

========================================================================
Received Import Request.
  Time since last request: 0.000028 seconds.
  path: Assets/tiles/tilemap_packed 1_179.asset
  artifactKey: Guid(1f5a85385cea0c740a0dd8b3a813f2a5) Importer(815301076,1909f56bfc062723c751e8b465ee728b)
Start importing Assets/tiles/tilemap_packed 1_179.asset using Guid(1f5a85385cea0c740a0dd8b3a813f2a5) Importer(815301076,1909f56bfc062723c751e8b465ee728b) (PreviewImporter) -> (artifact id: 'aae08c298184006c9892935700d5f0e3') in 0.0138533 seconds
Number of updated asset objects reloaded before import = 0Number of asset objects unloaded after import = 3

========================================================================
Received Import Request.
  Time since last request: 0.000030 seconds.
  path: Assets/tiles/tilemap_packed_27.asset
  artifactKey: Guid(ec42e4b05bccbda41acfdc9b8d8bb044) Importer(815301076,1909f56bfc062723c751e8b465ee728b)
Start importing Assets/tiles/tilemap_packed_27.asset using Guid(ec42e4b05bccbda41acfdc9b8d8bb044) Importer(815301076,1909f56bfc062723c751e8b465ee728b) (PreviewImporter) -> (artifact id: '2ef1fe930285be5d7d2a40623de53d78') in 0.0100455 seconds
Number of updated asset objects reloaded before import = 0Number of asset objects unloaded after import = 3

========================================================================
Received Import Request.
  Time since last request: 0.000035 seconds.
  path: Assets/tiles/tilemap_packed_7.asset
  artifactKey: Guid(c4f52cd17f140af4d8ccf2d487471da0) Importer(815301076,1909f56bfc062723c751e8b465ee728b)
Start importing Assets/tiles/tilemap_packed_7.asset using Guid(c4f52cd17f140af4d8ccf2d487471da0) Importer(815301076,1909f56bfc062723c751e8b465ee728b) (PreviewImporter) -> (artifact id: '002e43b090601248a0bdc00e14adab0a') in 0.0115953 seconds
Number of updated asset objects reloaded before import = 0Number of asset objects unloaded after import = 3

========================================================================
Received Import Request.
  Time since last request: 0.000025 seconds.
  path: Assets/tiles/tilemap_packed 1_140.asset
  artifactKey: Guid(c0c4362e3cde026429dc0e8e1558c8e7) Importer(815301076,1909f56bfc062723c751e8b465ee728b)
Start importing Assets/tiles/tilemap_packed 1_140.asset using Guid(c0c4362e3cde026429dc0e8e1558c8e7) Importer(815301076,1909f56bfc062723c751e8b465ee728b) (PreviewImporter) -> (artifact id: '0895f639693bd88568fd109d552f965b') in 0.0131909 seconds
Number of updated asset objects reloaded before import = 0Number of asset objects unloaded after import = 3

========================================================================
Received Import Request.
  Time since last request: 0.000027 seconds.
  path: Assets/tiles/tilemap_packed 1_172.asset
  artifactKey: Guid(deb64f7ed6f231e4f8be65ca04734eb5) Importer(815301076,1909f56bfc062723c751e8b465ee728b)
Start importing Assets/tiles/tilemap_packed 1_172.asset using Guid(deb64f7ed6f231e4f8be65ca04734eb5) Importer(815301076,1909f56bfc062723c751e8b465ee728b) (PreviewImporter) -> (artifact id: '974d72e5b6f6cd48297200fadea45431') in 0.011686 seconds
Number of updated asset objects reloaded before import = 0Number of asset objects unloaded after import = 3

========================================================================
Received Import Request.
  Time since last request: 0.000024 seconds.
  path: Assets/tiles/tilemap_packed 1_138.asset
  artifactKey: Guid(092ac1651c035214b96a7f8bd3055f64) Importer(815301076,1909f56bfc062723c751e8b465ee728b)
Start importing Assets/tiles/tilemap_packed 1_138.asset using Guid(092ac1651c035214b96a7f8bd3055f64) Importer(815301076,1909f56bfc062723c751e8b465ee728b) (PreviewImporter) -> (artifact id: '326b70e3b7065e7e823c7b62e41dca87') in 0.0155116 seconds
Number of updated asset objects reloaded before import = 0Number of asset objects unloaded after import = 3

========================================================================
Received Import Request.
  Time since last request: 0.000031 seconds.
  path: Assets/tiles/tilemap_packed 1_97.asset
  artifactKey: Guid(a2ffdc89a831a1c468299a409335c40e) Importer(815301076,1909f56bfc062723c751e8b465ee728b)
Start importing Assets/tiles/tilemap_packed 1_97.asset using Guid(a2ffdc89a831a1c468299a409335c40e) Importer(815301076,1909f56bfc062723c751e8b465ee728b) (PreviewImporter) -> (artifact id: 'a5c6c13b18ece4c555cda74bff9f805a') in 0.0122408 seconds
Number of updated asset objects reloaded before import = 0Number of asset objects unloaded after import = 3

========================================================================
Received Import Request.
  Time since last request: 0.000046 seconds.
  path: Assets/tiles/tilemap_packed 1_122.asset
  artifactKey: Guid(122211f0d9b29e642afd698ee952d3f3) Importer(815301076,1909f56bfc062723c751e8b465ee728b)
Start importing Assets/tiles/tilemap_packed 1_122.asset using Guid(122211f0d9b29e642afd698ee952d3f3) Importer(815301076,1909f56bfc062723c751e8b465ee728b) (PreviewImporter) -> (artifact id: 'fb179e6dad7581c210a44d0a450b12d3') in 0.0113321 seconds
Number of updated asset objects reloaded before import = 0Number of asset objects unloaded after import = 3

========================================================================
Received Import Request.
  Time since last request: 0.000022 seconds.
  path: Assets/tiles/tilemap_packed_41.asset
  artifactKey: Guid(1198b851aab94434183722cfe18ff042) Importer(815301076,1909f56bfc062723c751e8b465ee728b)
Start importing Assets/tiles/tilemap_packed_41.asset using Guid(1198b851aab94434183722cfe18ff042) Importer(815301076,1909f56bfc062723c751e8b465ee728b) (PreviewImporter) -> (artifact id: '689f3f1b64c67ac5d0040cd222ccd3e6') in 0.0153677 seconds
Number of updated asset objects reloaded before import = 0Number of asset objects unloaded after import = 3

========================================================================
Received Import Request.
  Time since last request: 0.000024 seconds.
  path: Assets/tiles/tilemap_packed 1_170.asset
  artifactKey: Guid(4a40c8773b940a24db70ac929dd35e78) Importer(815301076,1909f56bfc062723c751e8b465ee728b)
Start importing Assets/tiles/tilemap_packed 1_170.asset using Guid(4a40c8773b940a24db70ac929dd35e78) Importer(815301076,1909f56bfc062723c751e8b465ee728b) (PreviewImporter) -> (artifact id: '3133aabec537636175ac8cf68124bc0b') in 0.0168602 seconds
Number of updated asset objects reloaded before import = 0Number of asset objects unloaded after import = 3

========================================================================
Received Import Request.
  Time since last request: 0.000031 seconds.
  path: Assets/tiles/tilemap_packed_33.asset
  artifactKey: Guid(ec81ba424fdb54d4a8c38468a734f2d5) Importer(815301076,1909f56bfc062723c751e8b465ee728b)
Start importing Assets/tiles/tilemap_packed_33.asset using Guid(ec81ba424fdb54d4a8c38468a734f2d5) Importer(815301076,1909f56bfc062723c751e8b465ee728b) (PreviewImporter) -> (artifact id: '540cdf16d6e53a1de0a588457efb609b') in 0.0100712 seconds
Number of updated asset objects reloaded before import = 0Number of asset objects unloaded after import = 3

========================================================================
Received Import Request.
  Time since last request: 0.000040 seconds.
  path: Assets/tiles/tilemap_packed 1_144.asset
  artifactKey: Guid(16fcd3d2ef7384749b32f974c4b14034) Importer(815301076,1909f56bfc062723c751e8b465ee728b)
Start importing Assets/tiles/tilemap_packed 1_144.asset using Guid(16fcd3d2ef7384749b32f974c4b14034) Importer(815301076,1909f56bfc062723c751e8b465ee728b) (PreviewImporter) -> (artifact id: '9632e2c290ae0c2e9e68dd61dd6fdef9') in 0.0105402 seconds
Number of updated asset objects reloaded before import = 0Number of asset objects unloaded after import = 3

========================================================================
Received Import Request.
  Time since last request: 0.000029 seconds.
  path: Assets/tiles/tilemap_packed 1_157.asset
  artifactKey: Guid(63d48648af00e34458802c82a4a23389) Importer(815301076,1909f56bfc062723c751e8b465ee728b)
Start importing Assets/tiles/tilemap_packed 1_157.asset using Guid(63d48648af00e34458802c82a4a23389) Importer(815301076,1909f56bfc062723c751e8b465ee728b) (PreviewImporter) -> (artifact id: '74830070f9a363325f573b93809b12b8') in 0.0112653 seconds
Number of updated asset objects reloaded before import = 0Number of asset objects unloaded after import = 3

========================================================================
Received Import Request.
  Time since last request: 0.000031 seconds.
  path: Assets/tiles/tilemap_packed 1_154.asset
  artifactKey: Guid(118de04e4d82e0d4ea1fadd223838e72) Importer(815301076,1909f56bfc062723c751e8b465ee728b)
Start importing Assets/tiles/tilemap_packed 1_154.asset using Guid(118de04e4d82e0d4ea1fadd223838e72) Importer(815301076,1909f56bfc062723c751e8b465ee728b) (PreviewImporter) -> (artifact id: '0eb136a0fe852f04bb3127e77eae8234') in 0.0113706 seconds
Number of updated asset objects reloaded before import = 0Number of asset objects unloaded after import = 3

========================================================================
Received Import Request.
  Time since last request: 0.000026 seconds.
  path: Assets/tiles/tilemap_packed_34.asset
  artifactKey: Guid(7f0153b0645a5f1488e83c56d98e57df) Importer(815301076,1909f56bfc062723c751e8b465ee728b)
Start importing Assets/tiles/tilemap_packed_34.asset using Guid(7f0153b0645a5f1488e83c56d98e57df) Importer(815301076,1909f56bfc062723c751e8b465ee728b) (PreviewImporter) -> (artifact id: 'cf466433b5200a8504795c364aa1d60b') in 0.0098824 seconds
Number of updated asset objects reloaded before import = 0Number of asset objects unloaded after import = 3

========================================================================
Received Import Request.
  Time since last request: 0.000038 seconds.
  path: Assets/tiles/tilemap_packed_10.asset
  artifactKey: Guid(dfa610206433f464f954272ac5e73011) Importer(815301076,1909f56bfc062723c751e8b465ee728b)
Start importing Assets/tiles/tilemap_packed_10.asset using Guid(dfa610206433f464f954272ac5e73011) Importer(815301076,1909f56bfc062723c751e8b465ee728b) (PreviewImporter) -> (artifact id: 'e50d69ba3dd411c40eae04b1337f9a58') in 0.0132355 seconds
Number of updated asset objects reloaded before import = 0Number of asset objects unloaded after import = 3

========================================================================
Received Import Request.
  Time since last request: 0.000028 seconds.
  path: Assets/tiles/tilemap_packed_32.asset
  artifactKey: Guid(29e4ddc94e17aee4d83390a22b2504a6) Importer(815301076,1909f56bfc062723c751e8b465ee728b)
Start importing Assets/tiles/tilemap_packed_32.asset using Guid(29e4ddc94e17aee4d83390a22b2504a6) Importer(815301076,1909f56bfc062723c751e8b465ee728b) (PreviewImporter) -> (artifact id: 'a0ed5006ae42a454df520bdb1feef2f6') in 0.0108271 seconds
Number of updated asset objects reloaded before import = 0Number of asset objects unloaded after import = 3

========================================================================
Received Import Request.
  Time since last request: 0.000031 seconds.
  path: Assets/tiles/tilemap_packed_18.asset
  artifactKey: Guid(82ca53fcf84af1c4caebfaad0b5816d1) Importer(815301076,1909f56bfc062723c751e8b465ee728b)
Start importing Assets/tiles/tilemap_packed_18.asset using Guid(82ca53fcf84af1c4caebfaad0b5816d1) Importer(815301076,1909f56bfc062723c751e8b465ee728b) (PreviewImporter) -> (artifact id: '31f00a89943c6a2142afe559ff5ff082') in 0.0093982 seconds
Number of updated asset objects reloaded before import = 0Number of asset objects unloaded after import = 3

========================================================================
Received Import Request.
  Time since last request: 0.000024 seconds.
  path: Assets/tiles/tilemap_packed 1_149.asset
  artifactKey: Guid(6f919b730608abd4a9fa954d40fc65cc) Importer(815301076,1909f56bfc062723c751e8b465ee728b)
Start importing Assets/tiles/tilemap_packed 1_149.asset using Guid(6f919b730608abd4a9fa954d40fc65cc) Importer(815301076,1909f56bfc062723c751e8b465ee728b) (PreviewImporter) -> (artifact id: 'd131dc7b939abe76592fbd042155d324') in 0.0123545 seconds
Number of updated asset objects reloaded before import = 0Number of asset objects unloaded after import = 3

========================================================================
Received Import Request.
  Time since last request: 0.000037 seconds.
  path: Assets/tiles/tilemap_packed 1_118.asset
  artifactKey: Guid(2691c266f48fd5d459a01196a42b106d) Importer(815301076,1909f56bfc062723c751e8b465ee728b)
Start importing Assets/tiles/tilemap_packed 1_118.asset using Guid(2691c266f48fd5d459a01196a42b106d) Importer(815301076,1909f56bfc062723c751e8b465ee728b) (PreviewImporter) -> (artifact id: 'a379e64a6f1e8adc2ec2ac68708e183b') in 0.0115535 seconds
Number of updated asset objects reloaded before import = 0Number of asset objects unloaded after import = 3

========================================================================
Received Import Request.
  Time since last request: 0.000025 seconds.
  path: Assets/tiles/tilemap_packed 1_173.asset
  artifactKey: Guid(c569eb50dd92a2240ba4ff53d7cb7add) Importer(815301076,1909f56bfc062723c751e8b465ee728b)
Start importing Assets/tiles/tilemap_packed 1_173.asset using Guid(c569eb50dd92a2240ba4ff53d7cb7add) Importer(815301076,1909f56bfc062723c751e8b465ee728b) (PreviewImporter) -> (artifact id: '37498b3ee8cd358f406c16ea098508be') in 0.0131796 seconds
Number of updated asset objects reloaded before import = 0Number of asset objects unloaded after import = 3

========================================================================
Received Import Request.
  Time since last request: 0.000032 seconds.
  path: Assets/tiles/tilemap_packed 1_109.asset
  artifactKey: Guid(be8ce1c73d9a7fa4cb3e58102cc86126) Importer(815301076,1909f56bfc062723c751e8b465ee728b)
Start importing Assets/tiles/tilemap_packed 1_109.asset using Guid(be8ce1c73d9a7fa4cb3e58102cc86126) Importer(815301076,1909f56bfc062723c751e8b465ee728b) (PreviewImporter) -> (artifact id: 'ca9f5041d091c7d66a8d6e8b4a0999bb') in 0.0102952 seconds
Number of updated asset objects reloaded before import = 0Number of asset objects unloaded after import = 3

========================================================================
Received Import Request.
  Time since last request: 0.000035 seconds.
  path: Assets/tiles/tilemap_packed_3.asset
  artifactKey: Guid(94996df66771c8945876e419885e5703) Importer(815301076,1909f56bfc062723c751e8b465ee728b)
Start importing Assets/tiles/tilemap_packed_3.asset using Guid(94996df66771c8945876e419885e5703) Importer(815301076,1909f56bfc062723c751e8b465ee728b) (PreviewImporter) -> (artifact id: 'd16f3d2d5f9ae98535373a797e43fa61') in 0.0101114 seconds
Number of updated asset objects reloaded before import = 0Number of asset objects unloaded after import = 3

Editor requested this worker to shutdown with reason: Scaling down because of idle timeout
AssetImportWorker is now disconnected from the server
Process exiting
Exiting without the bug reporter. Application will terminate with return code 0